::1 - - [28/Feb/2018:02:58:15 +0000] "GET /users/1 HTTP/1.1" 200 265 "-" "Mozilla/5.0 (Windows NT 6.1; Win64; x64) AppleWebKit/537.36 (KHTML, like Gecko) Chrome/64.0.3282.140 Safari/537.36"
::1 - - [28/Feb/2018:03:56:06 +0000] "GET /user/1 HTTP/1.1" 200 265 "-" "Mozilla/5.0 (Windows NT 6.1; Win64; x64) AppleWebKit/537.36 (KHTML, like Gecko) Chrome/64.0.3282.140 Safari/537.36"
::1 - - [28/Feb/2018:03:57:58 +0000] "POST /company/new HTTP/1.1" 200 12 "-" "Mozilla/5.0 (Windows NT 6.1; Win64; x64) AppleWebKit/537.36 (KHTML, like Gecko) Chrome/64.0.3282.140 Safari/537.36"
::1 - - [28/Feb/2018:04:02:22 +0000] "POST /company/new HTTP/1.1" 200 12 "-" "Mozilla/5.0 (Windows NT 6.1; Win64; x64) AppleWebKit/537.36 (KHTML, like Gecko) Chrome/64.0.3282.140 Safari/537.36"
::1 - - [28/Feb/2018:04:02:52 +0000] "POST /company/new HTTP/1.1" 200 12 "-" "Mozilla/5.0 (Windows NT 6.1; Win64; x64) AppleWebKit/537.36 (KHTML, like Gecko) Chrome/64.0.3282.140 Safari/537.36"
::1 - - [28/Feb/2018:04:03:43 +0000] "POST /company/new HTTP/1.1" 200 12 "-" "Mozilla/5.0 (Windows NT 6.1; Win64; x64) AppleWebKit/537.36 (KHTML, like Gecko) Chrome/64.0.3282.140 Safari/537.36"
::1 - - [28/Feb/2018:04:03:58 +0000] "POST /company/new HTTP/1.1" 200 12 "-" "Mozilla/5.0 (Windows NT 6.1; Win64; x64) AppleWebKit/537.36 (KHTML, like Gecko) Chrome/64.0.3282.140 Safari/537.36"
::1 - - [28/Feb/2018:04:04:00 +0000] "POST /company/new HTTP/1.1" 200 12 "-" "Mozilla/5.0 (Windows NT 6.1; Win64; x64) AppleWebKit/537.36 (KHTML, like Gecko) Chrome/64.0.3282.140 Safari/537.36"
::1 - - [28/Feb/2018:04:04:39 +0000] "POST /company/new HTTP/1.1" 200 12 "-" "Mozilla/5.0 (Windows NT 6.1; Win64; x64) AppleWebKit/537.36 (KHTML, like Gecko) Chrome/64.0.3282.140 Safari/537.36"
::1 - - [28/Feb/2018:04:04:40 +0000] "POST /company/new HTTP/1.1" 200 12 "-" "Mozilla/5.0 (Windows NT 6.1; Win64; x64) AppleWebKit/537.36 (KHTML, like Gecko) Chrome/64.0.3282.140 Safari/537.36"
::1 - - [28/Feb/2018:04:04:47 +0000] "POST /company/new HTTP/1.1" 200 12 "-" "Mozilla/5.0 (Windows NT 6.1; Win64; x64) AppleWebKit/537.36 (KHTML, like Gecko) Chrome/64.0.3282.140 Safari/537.36"
::1 - - [28/Feb/2018:04:05:19 +0000] "POST /company/new HTTP/1.1" 200 12 "-" "Mozilla/5.0 (Windows NT 6.1; Win64; x64) AppleWebKit/537.36 (KHTML, like Gecko) Chrome/64.0.3282.140 Safari/537.36"
::1 - - [28/Feb/2018:04:05:33 +0000] "POST /company/new HTTP/1.1" 200 12 "-" "Mozilla/5.0 (Windows NT 6.1; Win64; x64) AppleWebKit/537.36 (KHTML, like Gecko) Chrome/64.0.3282.140 Safari/537.36"
::1 - - [28/Feb/2018:04:06:47 +0000] "POST /company/new HTTP/1.1" 200 12 "-" "Mozilla/5.0 (Windows NT 6.1; Win64; x64) AppleWebKit/537.36 (KHTML, like Gecko) Chrome/64.0.3282.140 Safari/537.36"
::1 - - [28/Feb/2018:04:08:38 +0000] "POST /company/new HTTP/1.1" 200 12 "-" "Mozilla/5.0 (Windows NT 6.1; Win64; x64) AppleWebKit/537.36 (KHTML, like Gecko) Chrome/64.0.3282.140 Safari/537.36"
::1 - - [28/Feb/2018:04:08:59 +0000] "POST /company/new HTTP/1.1" 200 12 "-" "Mozilla/5.0 (Windows NT 6.1; Win64; x64) AppleWebKit/537.36 (KHTML, like Gecko) Chrome/64.0.3282.140 Safari/537.36"
::1 - - [28/Feb/2018:04:10:09 +0000] "POST /company/new HTTP/1.1" 200 12 "-" "Mozilla/5.0 (Windows NT 6.1; Win64; x64) AppleWebKit/537.36 (KHTML, like Gecko) Chrome/64.0.3282.140 Safari/537.36"
::1 - - [28/Feb/2018:04:10:30 +0000] "POST /company/new HTTP/1.1" 200 12 "-" "Mozilla/5.0 (Windows NT 6.1; Win64; x64) AppleWebKit/537.36 (KHTML, like Gecko) Chrome/64.0.3282.140 Safari/537.36"
::1 - - [28/Feb/2018:04:10:50 +0000] "POST /company/new HTTP/1.1" 200 12 "-" "Mozilla/5.0 (Windows NT 6.1; Win64; x64) AppleWebKit/537.36 (KHTML, like Gecko) Chrome/64.0.3282.140 Safari/537.36"
::1 - - [28/Feb/2018:04:11:44 +0000] "POST /company/new HTTP/1.1" 200 12 "-" "Mozilla/5.0 (Windows NT 6.1; Win64; x64) AppleWebKit/537.36 (KHTML, like Gecko) Chrome/64.0.3282.140 Safari/537.36"
::1 - - [28/Feb/2018:04:12:27 +0000] "POST /company/new HTTP/1.1" 200 12 "-" "Mozilla/5.0 (Windows NT 6.1; Win64; x64) AppleWebKit/537.36 (KHTML, like Gecko) Chrome/64.0.3282.140 Safari/537.36"
::1 - - [28/Feb/2018:04:13:00 +0000] "POST /company/new HTTP/1.1" 200 12 "-" "Mozilla/5.0 (Windows NT 6.1; Win64; x64) AppleWebKit/537.36 (KHTML, like Gecko) Chrome/64.0.3282.140 Safari/537.36"
::1 - - [28/Feb/2018:04:13:19 +0000] "POST /company/new HTTP/1.1" 200 12 "-" "Mozilla/5.0 (Windows NT 6.1; Win64; x64) AppleWebKit/537.36 (KHTML, like Gecko) Chrome/64.0.3282.140 Safari/537.36"
::1 - - [28/Feb/2018:04:13:48 +0000] "POST /company/new HTTP/1.1" 200 12 "-" "Mozilla/5.0 (Windows NT 6.1; Win64; x64) AppleWebKit/537.36 (KHTML, like Gecko) Chrome/64.0.3282.140 Safari/537.36"
::1 - - [28/Feb/2018:04:13:52 +0000] "POST /company/new HTTP/1.1" 200 12 "-" "Mozilla/5.0 (Windows NT 6.1; Win64; x64) AppleWebKit/537.36 (KHTML, like Gecko) Chrome/64.0.3282.140 Safari/537.36"
::1 - - [28/Feb/2018:04:14:49 +0000] "POST /company/new HTTP/1.1" 200 12 "-" "Mozilla/5.0 (Windows NT 6.1; Win64; x64) AppleWebKit/537.36 (KHTML, like Gecko) Chrome/64.0.3282.140 Safari/537.36"
::1 - - [28/Feb/2018:04:15:32 +0000] "POST /company/new HTTP/1.1" 200 12 "-" "Mozilla/5.0 (Windows NT 6.1; Win64; x64) AppleWebKit/537.36 (KHTML, like Gecko) Chrome/64.0.3282.140 Safari/537.36"
::1 - - [28/Feb/2018:04:15:47 +0000] "POST /company/new HTTP/1.1" 200 12 "-" "Mozilla/5.0 (Windows NT 6.1; Win64; x64) AppleWebKit/537.36 (KHTML, like Gecko) Chrome/64.0.3282.140 Safari/537.36"
::1 - - [28/Feb/2018:04:15:52 +0000] "POST /company/new HTTP/1.1" 200 12 "-" "Mozilla/5.0 (Windows NT 6.1; Win64; x64) AppleWebKit/537.36 (KHTML, like Gecko) Chrome/64.0.3282.140 Safari/537.36"
::1 - - [28/Feb/2018:04:16:07 +0000] "POST /company/new HTTP/1.1" 200 12 "-" "Mozilla/5.0 (Windows NT 6.1; Win64; x64) AppleWebKit/537.36 (KHTML, like Gecko) Chrome/64.0.3282.140 Safari/537.36"
::1 - - [28/Feb/2018:04:16:12 +0000] "POST /company/new HTTP/1.1" 200 12 "-" "Mozilla/5.0 (Windows NT 6.1; Win64; x64) AppleWebKit/537.36 (KHTML, like Gecko) Chrome/64.0.3282.140 Safari/537.36"
::1 - - [28/Feb/2018:04:16:30 +0000] "POST /company/new HTTP/1.1" 200 12 "-" "Mozilla/5.0 (Windows NT 6.1; Win64; x64) AppleWebKit/537.36 (KHTML, like Gecko) Chrome/64.0.3282.140 Safari/537.36"
::1 - - [28/Feb/2018:04:27:42 +0000] "POST /company/new HTTP/1.1" 200 12 "-" "Mozilla/5.0 (Windows NT 6.1; Win64; x64) AppleWebKit/537.36 (KHTML, like Gecko) Chrome/64.0.3282.140 Safari/537.36"
::1 - - [28/Feb/2018:04:27:44 +0000] "POST /company/new HTTP/1.1" 200 12 "-" "Mozilla/5.0 (Windows NT 6.1; Win64; x64) AppleWebKit/537.36 (KHTML, like Gecko) Chrome/64.0.3282.140 Safari/537.36"
::1 - - [28/Feb/2018:04:34:38 +0000] "POST /company/new HTTP/1.1" 200 162 "-" "Mozilla/5.0 (Windows NT 6.1; Win64; x64) AppleWebKit/537.36 (KHTML, like Gecko) Chrome/64.0.3282.140 Safari/537.36"
::1 - - [28/Feb/2018:04:35:44 +0000] "POST /company/new HTTP/1.1" 200 492 "-" "Mozilla/5.0 (Windows NT 6.1; Win64; x64) AppleWebKit/537.36 (KHTML, like Gecko) Chrome/64.0.3282.140 Safari/537.36"
::1 - - [28/Feb/2018:04:36:14 +0000] "POST /company/new HTTP/1.1" 200 492 "-" "Mozilla/5.0 (Windows NT 6.1; Win64; x64) AppleWebKit/537.36 (KHTML, like Gecko) Chrome/64.0.3282.140 Safari/537.36"
::1 - - [28/Feb/2018:04:36:37 +0000] "POST /company/new HTTP/1.1" 200 162 "-" "Mozilla/5.0 (Windows NT 6.1; Win64; x64) AppleWebKit/537.36 (KHTML, like Gecko) Chrome/64.0.3282.140 Safari/537.36"
::1 - - [28/Feb/2018:04:40:14 +0000] "POST /company/new HTTP/1.1" 200 162 "-" "Mozilla/5.0 (Windows NT 6.1; Win64; x64) AppleWebKit/537.36 (KHTML, like Gecko) Chrome/64.0.3282.140 Safari/537.36"
::1 - - [28/Feb/2018:04:40:18 +0000] "POST /company/new HTTP/1.1" 200 491 "-" "Mozilla/5.0 (Windows NT 6.1; Win64; x64) AppleWebKit/537.36 (KHTML, like Gecko) Chrome/64.0.3282.140 Safari/537.36"
::1 - - [28/Feb/2018:04:40:57 +0000] "POST /company/new HTTP/1.1" 200 491 "-" "Mozilla/5.0 (Windows NT 6.1; Win64; x64) AppleWebKit/537.36 (KHTML, like Gecko) Chrome/64.0.3282.140 Safari/537.36"
::1 - - [28/Feb/2018:04:41:31 +0000] "POST /company/new HTTP/1.1" 200 491 "-" "Mozilla/5.0 (Windows NT 6.1; Win64; x64) AppleWebKit/537.36 (KHTML, like Gecko) Chrome/64.0.3282.140 Safari/537.36"
::1 - - [28/Feb/2018:04:41:49 +0000] "POST /company/new HTTP/1.1" 200 500 "-" "Mozilla/5.0 (Windows NT 6.1; Win64; x64) AppleWebKit/537.36 (KHTML, like Gecko) Chrome/64.0.3282.140 Safari/537.36"
::1 - - [28/Feb/2018:04:42:12 +0000] "POST /company/new HTTP/1.1" 200 500 "-" "Mozilla/5.0 (Windows NT 6.1; Win64; x64) AppleWebKit/537.36 (KHTML, like Gecko) Chrome/64.0.3282.140 Safari/537.36"
::1 - - [28/Feb/2018:04:42:45 +0000] "POST /company/new HTTP/1.1" 200 500 "-" "Mozilla/5.0 (Windows NT 6.1; Win64; x64) AppleWebKit/537.36 (KHTML, like Gecko) Chrome/64.0.3282.140 Safari/537.36"
::1 - - [28/Feb/2018:04:47:29 +0000] "GET /user HTTP/1.1" 200 270 "-" "Mozilla/5.0 (Windows NT 6.1; Win64; x64) AppleWebKit/537.36 (KHTML, like Gecko) Chrome/64.0.3282.140 Safari/537.36"
::1 - - [28/Feb/2018:04:51:33 +0000] "GET /user HTTP/1.1" 200 4 "-" "Mozilla/5.0 (Windows NT 6.1; Win64; x64) AppleWebKit/537.36 (KHTML, like Gecko) Chrome/64.0.3282.140 Safari/537.36"
::1 - - [28/Feb/2018:04:52:25 +0000] "GET /user HTTP/1.1" 200 4 "-" "Mozilla/5.0 (Windows NT 6.1; Win64; x64) AppleWebKit/537.36 (KHTML, like Gecko) Chrome/64.0.3282.140 Safari/537.36"
::1 - - [28/Feb/2018:04:52:55 +0000] "GET /user HTTP/1.1" 200 4 "-" "Mozilla/5.0 (Windows NT 6.1; Win64; x64) AppleWebKit/537.36 (KHTML, like Gecko) Chrome/64.0.3282.140 Safari/537.36"
::1 - - [28/Feb/2018:04:54:00 +0000] "GET /user HTTP/1.1" 200 21 "-" "Mozilla/5.0 (Windows NT 6.1; Win64; x64) AppleWebKit/537.36 (KHTML, like Gecko) Chrome/64.0.3282.140 Safari/537.36"
::1 - - [28/Feb/2018:04:55:51 +0000] "GET /user HTTP/1.1" 200 252 "-" "Mozilla/5.0 (Windows NT 6.1; Win64; x64) AppleWebKit/537.36 (KHTML, like Gecko) Chrome/64.0.3282.140 Safari/537.36"
::1 - - [28/Feb/2018:04:56:16 +0000] "GET /user HTTP/1.1" 200 252 "-" "Mozilla/5.0 (Windows NT 6.1; Win64; x64) AppleWebKit/537.36 (KHTML, like Gecko) Chrome/64.0.3282.140 Safari/537.36"
::1 - - [28/Feb/2018:04:56:22 +0000] "GET /user HTTP/1.1" 200 252 "-" "Mozilla/5.0 (Windows NT 6.1; Win64; x64) AppleWebKit/537.36 (KHTML, like Gecko) Chrome/64.0.3282.140 Safari/537.36"
::1 - - [28/Feb/2018:04:56:32 +0000] "GET /user/1 HTTP/1.1" 200 231 "-" "Mozilla/5.0 (Windows NT 6.1; Win64; x64) AppleWebKit/537.36 (KHTML, like Gecko) Chrome/64.0.3282.140 Safari/537.36"
::1 - - [28/Feb/2018:04:57:31 +0000] "GET /user/1 HTTP/1.1" 200 231 "-" "Mozilla/5.0 (Windows NT 6.1; Win64; x64) AppleWebKit/537.36 (KHTML, like Gecko) Chrome/64.0.3282.140 Safari/537.36"
::1 - - [28/Feb/2018:04:57:35 +0000] "POST /company/new HTTP/1.1" 200 500 "-" "Mozilla/5.0 (Windows NT 6.1; Win64; x64) AppleWebKit/537.36 (KHTML, like Gecko) Chrome/64.0.3282.140 Safari/537.36"
::1 - - [28/Feb/2018:04:57:41 +0000] "POST /company/new HTTP/1.1" 200 128 "-" "Mozilla/5.0 (Windows NT 6.1; Win64; x64) AppleWebKit/537.36 (KHTML, like Gecko) Chrome/64.0.3282.140 Safari/537.36"
::1 - - [28/Feb/2018:04:58:23 +0000] "POST /company/new HTTP/1.1" 200 128 "-" "Mozilla/5.0 (Windows NT 6.1; Win64; x64) AppleWebKit/537.36 (KHTML, like Gecko) Chrome/64.0.3282.140 Safari/537.36"
::1 - - [28/Feb/2018:04:58:30 +0000] "POST /company/new HTTP/1.1" 200 128 "-" "Mozilla/5.0 (Windows NT 6.1; Win64; x64) AppleWebKit/537.36 (KHTML, like Gecko) Chrome/64.0.3282.140 Safari/537.36"
::1 - - [28/Feb/2018:04:58:33 +0000] "POST /company/new HTTP/1.1" 200 128 "-" "Mozilla/5.0 (Windows NT 6.1; Win64; x64) AppleWebKit/537.36 (KHTML, like Gecko) Chrome/64.0.3282.140 Safari/537.36"
::1 - - [28/Feb/2018:04:58:35 +0000] "GET /user/1 HTTP/1.1" 200 231 "-" "Mozilla/5.0 (Windows NT 6.1; Win64; x64) AppleWebKit/537.36 (KHTML, like Gecko) Chrome/64.0.3282.140 Safari/537.36"
::1 - - [28/Feb/2018:04:58:38 +0000] "GET /user HTTP/1.1" 200 252 "-" "Mozilla/5.0 (Windows NT 6.1; Win64; x64) AppleWebKit/537.36 (KHTML, like Gecko) Chrome/64.0.3282.140 Safari/537.36"
::1 - - [28/Feb/2018:04:59:16 +0000] "GET /user HTTP/1.1" 200 253 "-" "Mozilla/5.0 (Windows NT 6.1; Win64; x64) AppleWebKit/537.36 (KHTML, like Gecko) Chrome/64.0.3282.140 Safari/537.36"
::1 - - [28/Feb/2018:05:20:57 +0000] "GET /user HTTP/1.1" 200 253 "-" "Mozilla/5.0 (Windows NT 6.1; Win64; x64) AppleWebKit/537.36 (KHTML, like Gecko) Chrome/64.0.3282.140 Safari/537.36"
::1 - - [28/Feb/2018:05:21:20 +0000] "GET /user HTTP/1.1" 200 253 "-" "Mozilla/5.0 (Windows NT 6.1; Win64; x64) AppleWebKit/537.36 (KHTML, like Gecko) Chrome/64.0.3282.140 Safari/537.36"
::1 - - [28/Feb/2018:05:21:44 +0000] "GET /user HTTP/1.1" 200 253 "-" "Mozilla/5.0 (Windows NT 6.1; Win64; x64) AppleWebKit/537.36 (KHTML, like Gecko) Chrome/64.0.3282.140 Safari/537.36"
::1 - - [28/Feb/2018:05:23:22 +0000] "GET /user HTTP/1.1" 200 253 "-" "Mozilla/5.0 (Windows NT 6.1; Win64; x64) AppleWebKit/537.36 (KHTML, like Gecko) Chrome/64.0.3282.140 Safari/537.36"
::1 - - [28/Feb/2018:05:23:48 +0000] "GET /user HTTP/1.1" 200 253 "-" "Mozilla/5.0 (Windows NT 6.1; Win64; x64) AppleWebKit/537.36 (KHTML, like Gecko) Chrome/64.0.3282.140 Safari/537.36"
::1 - - [28/Feb/2018:05:24:06 +0000] "GET /user HTTP/1.1" 200 253 "-" "Mozilla/5.0 (Windows NT 6.1; Win64; x64) AppleWebKit/537.36 (KHTML, like Gecko) Chrome/64.0.3282.140 Safari/537.36"
::1 - - [28/Feb/2018:05:24:57 +0000] "GET /user HTTP/1.1" 200 287 "-" "Mozilla/5.0 (Windows NT 6.1; Win64; x64) AppleWebKit/537.36 (KHTML, like Gecko) Chrome/64.0.3282.140 Safari/537.36"
::1 - - [28/Feb/2018:05:26:51 +0000] "GET /company/1 HTTP/1.1" 200 372 "-" "Mozilla/5.0 (Windows NT 6.1; Win64; x64) AppleWebKit/537.36 (KHTML, like Gecko) Chrome/64.0.3282.140 Safari/537.36"
::1 - - [28/Feb/2018:05:27:26 +0000] "DELETE /company/2 HTTP/1.1" 200 10 "-" "Mozilla/5.0 (Windows NT 6.1; Win64; x64) AppleWebKit/537.36 (KHTML, like Gecko) Chrome/64.0.3282.140 Safari/537.36"
::1 - - [28/Feb/2018:05:31:03 +0000] "DELETE /company/2 HTTP/1.1" 200 161 "-" "Mozilla/5.0 (Windows NT 6.1; Win64; x64) AppleWebKit/537.36 (KHTML, like Gecko) Chrome/64.0.3282.140 Safari/537.36"
::1 - - [28/Feb/2018:05:31:29 +0000] "PATCH /company/3 HTTP/1.1" 200 202 "-" "Mozilla/5.0 (Windows NT 6.1; Win64; x64) AppleWebKit/537.36 (KHTML, like Gecko) Chrome/64.0.3282.140 Safari/537.36"
::1 - - [28/Feb/2018:05:32:43 +0000] "GET /company/1 HTTP/1.1" 200 372 "-" "Mozilla/5.0 (Windows NT 6.1; Win64; x64) AppleWebKit/537.36 (KHTML, like Gecko) Chrome/64.0.3282.140 Safari/537.36"
::1 - - [28/Feb/2018:05:46:25 +0000] "GET /company/list?pg=1 HTTP/1.1" 200 5828 "-" "Mozilla/5.0 (Windows NT 6.1; Win64; x64) AppleWebKit/537.36 (KHTML, like Gecko) Chrome/64.0.3282.140 Safari/537.36"
::1 - - [28/Feb/2018:05:47:57 +0000] "GET /company/list?pg=1 HTTP/1.1" 200 5828 "-" "Mozilla/5.0 (Windows NT 6.1; Win64; x64) AppleWebKit/537.36 (KHTML, like Gecko) Chrome/64.0.3282.140 Safari/537.36"
::1 - - [28/Feb/2018:05:49:03 +0000] "GET /company/list?pg=1 HTTP/1.1" 200 5828 "-" "Mozilla/5.0 (Windows NT 6.1; Win64; x64) AppleWebKit/537.36 (KHTML, like Gecko) Chrome/64.0.3282.140 Safari/537.36"
::1 - - [28/Feb/2018:05:49:31 +0000] "GET /company/list?pg=1 HTTP/1.1" 200 5828 "-" "Mozilla/5.0 (Windows NT 6.1; Win64; x64) AppleWebKit/537.36 (KHTML, like Gecko) Chrome/64.0.3282.140 Safari/537.36"
::1 - - [28/Feb/2018:05:49:41 +0000] "GET /company/list?pg=1 HTTP/1.1" 200 5828 "-" "Mozilla/5.0 (Windows NT 6.1; Win64; x64) AppleWebKit/537.36 (KHTML, like Gecko) Chrome/64.0.3282.140 Safari/537.36"
::1 - - [28/Feb/2018:05:50:32 +0000] "GET /company/list?pg=1 HTTP/1.1" 200 5850 "-" "Mozilla/5.0 (Windows NT 6.1; Win64; x64) AppleWebKit/537.36 (KHTML, like Gecko) Chrome/64.0.3282.140 Safari/537.36"
::1 - - [28/Feb/2018:05:51:43 +0000] "GET /company/list?pg=1 HTTP/1.1" 200 7750 "-" "Mozilla/5.0 (Windows NT 6.1; Win64; x64) AppleWebKit/537.36 (KHTML, like Gecko) Chrome/64.0.3282.140 Safari/537.36"
::1 - - [28/Feb/2018:05:53:20 +0000] "GET /company/list?pg=1 HTTP/1.1" 200 5850 "-" "Mozilla/5.0 (Windows NT 6.1; Win64; x64) AppleWebKit/537.36 (KHTML, like Gecko) Chrome/64.0.3282.140 Safari/537.36"
